[2023-11-21 18:49:50] local.ERROR: Uncaught InvalidArgumentException: Attribute [first] does not exist. in /home/miguel/Repos/Zonzamas/2DAW/DPL/T1/laravel_app/vendor/laravel/framework/src/Illuminate/Routing/RouteRegistrar.php:110
Stack trace:
#0 /home/miguel/Repos/Zonzamas/2DAW/DPL/T1/laravel_app/vendor/laravel/framework/src/Illuminate/Routing/Router.php(1478): Illuminate\Routing\RouteRegistrar->attribute()
#1 /home/miguel/Repos/Zonzamas/2DAW/DPL/T1/laravel_app/vendor/laravel/framework/src/Illuminate/Support/Facades/Facade.php(353): Illuminate\Routing\Router->__call()
#2 Command line code(1): Illuminate\Support\Facades\Facade::__callStatic()
#3 {main}
  thrown {"exception":"[object] (Symfony\\Component\\ErrorHandler\\Error\\FatalError(code: 0): Uncaught InvalidArgumentException: Attribute [first] does not exist. in /home/miguel/Repos/Zonzamas/2DAW/DPL/T1/laravel_app/vendor/laravel/framework/src/Illuminate/Routing/RouteRegistrar.php:110
Stack trace:
#0 /home/miguel/Repos/Zonzamas/2DAW/DPL/T1/laravel_app/vendor/laravel/framework/src/Illuminate/Routing/Router.php(1478): Illuminate\\Routing\\RouteRegistrar->attribute()
#1 /home/miguel/Repos/Zonzamas/2DAW/DPL/T1/laravel_app/vendor/laravel/framework/src/Illuminate/Support/Facades/Facade.php(353): Illuminate\\Routing\\Router->__call()
#2 Command line code(1): Illuminate\\Support\\Facades\\Facade::__callStatic()
#3 {main}
  thrown at /home/miguel/Repos/Zonzamas/2DAW/DPL/T1/laravel_app/vendor/laravel/framework/src/Illuminate/Routing/RouteRegistrar.php:110)
[stacktrace]
#0 {main}
"} 
[2023-11-21 18:54:28] local.ERROR: syntax error, unexpected identifier "Route", expecting "," or ";" {"exception":"[object] (ParseError(code: 0): syntax error, unexpected identifier \"Route\", expecting \",\" or \";\" at /home/miguel/Repos/Zonzamas/2DAW/DPL/T1/laravel_app/routes/web.php:16)
[stacktrace]
#0 /home/miguel/Repos/Zonzamas/2DAW/DPL/T1/laravel_app/vendor/laravel/framework/src/Illuminate/Routing/Router.php(504): Illuminate\\Routing\\RouteFileRegistrar->register()
#1 /home/miguel/Repos/Zonzamas/2DAW/DPL/T1/laravel_app/vendor/laravel/framework/src/Illuminate/Routing/Router.php(458): Illuminate\\Routing\\Router->loadRoutes()
#2 /home/miguel/Repos/Zonzamas/2DAW/DPL/T1/laravel_app/vendor/laravel/framework/src/Illuminate/Routing/RouteRegistrar.php(192): Illuminate\\Routing\\Router->group()
#3 /home/miguel/Repos/Zonzamas/2DAW/DPL/T1/laravel_app/app/Providers/RouteServiceProvider.php(37): Illuminate\\Routing\\RouteRegistrar->group()
#4 /home/miguel/Repos/Zonzamas/2DAW/DPL/T1/laravel_app/vendor/laravel/framework/src/Illuminate/Container/BoundMethod.php(36): App\\Providers\\RouteServiceProvider->App\\Providers\\{closure}()
#5 /home/miguel/Repos/Zonzamas/2DAW/DPL/T1/laravel_app/vendor/laravel/framework/src/Illuminate/Container/Util.php(41): Illuminate\\Container\\BoundMethod::Illuminate\\Container\\{closure}()
#6 /home/miguel/Repos/Zonzamas/2DAW/DPL/T1/laravel_app/vendor/laravel/framework/src/Illuminate/Container/BoundMethod.php(81): Illuminate\\Container\\Util::unwrapIfClosure()
#7 /home/miguel/Repos/Zonzamas/2DAW/DPL/T1/laravel_app/vendor/laravel/framework/src/Illuminate/Container/BoundMethod.php(37): Illuminate\\Container\\BoundMethod::callBoundMethod()
#8 /home/miguel/Repos/Zonzamas/2DAW/DPL/T1/laravel_app/vendor/laravel/framework/src/Illuminate/Container/Container.php(662): Illuminate\\Container\\BoundMethod::call()
#9 /home/miguel/Repos/Zonzamas/2DAW/DPL/T1/laravel_app/vendor/laravel/framework/src/Illuminate/Foundation/Support/Providers/RouteServiceProvider.php(120): Illuminate\\Container\\Container->call()
#10 /home/miguel/Repos/Zonzamas/2DAW/DPL/T1/laravel_app/vendor/laravel/framework/src/Illuminate/Foundation/Support/Providers/RouteServiceProvider.php(45): Illuminate\\Foundation\\Support\\Providers\\RouteServiceProvider->loadRoutes()
#11 /home/miguel/Repos/Zonzamas/2DAW/DPL/T1/laravel_app/vendor/laravel/framework/src/Illuminate/Container/BoundMethod.php(36): Illuminate\\Foundation\\Support\\Providers\\RouteServiceProvider->Illuminate\\Foundation\\Support\\Providers\\{closure}()
#12 /home/miguel/Repos/Zonzamas/2DAW/DPL/T1/laravel_app/vendor/laravel/framework/src/Illuminate/Container/Util.php(41): Illuminate\\Container\\BoundMethod::Illuminate\\Container\\{closure}()
#13 /home/miguel/Repos/Zonzamas/2DAW/DPL/T1/laravel_app/vendor/laravel/framework/src/Illuminate/Container/BoundMethod.php(81): Illuminate\\Container\\Util::unwrapIfClosure()
#14 /home/miguel/Repos/Zonzamas/2DAW/DPL/T1/laravel_app/vendor/laravel/framework/src/Illuminate/Container/BoundMethod.php(37): Illuminate\\Container\\BoundMethod::callBoundMethod()
#15 /home/miguel/Repos/Zonzamas/2DAW/DPL/T1/laravel_app/vendor/laravel/framework/src/Illuminate/Container/Container.php(662): Illuminate\\Container\\BoundMethod::call()
#16 /home/miguel/Repos/Zonzamas/2DAW/DPL/T1/laravel_app/vendor/laravel/framework/src/Illuminate/Support/ServiceProvider.php(119): Illuminate\\Container\\Container->call()
#17 /home/miguel/Repos/Zonzamas/2DAW/DPL/T1/laravel_app/vendor/laravel/framework/src/Illuminate/Foundation/Application.php(1031): Illuminate\\Support\\ServiceProvider->callBootedCallbacks()
#18 /home/miguel/Repos/Zonzamas/2DAW/DPL/T1/laravel_app/vendor/laravel/framework/src/Illuminate/Foundation/Application.php(1009): Illuminate\\Foundation\\Application->bootProvider()
#19 [internal function]: Illuminate\\Foundation\\Application->Illuminate\\Foundation\\{closure}()
#20 /home/miguel/Repos/Zonzamas/2DAW/DPL/T1/laravel_app/vendor/laravel/framework/src/Illuminate/Foundation/Application.php(1010): array_walk()
#21 /home/miguel/Repos/Zonzamas/2DAW/DPL/T1/laravel_app/vendor/laravel/framework/src/Illuminate/Foundation/Bootstrap/BootProviders.php(17): Illuminate\\Foundation\\Application->boot()
#22 /home/miguel/Repos/Zonzamas/2DAW/DPL/T1/laravel_app/vendor/laravel/framework/src/Illuminate/Foundation/Application.php(261): Illuminate\\Foundation\\Bootstrap\\BootProviders->bootstrap()
#23 /home/miguel/Repos/Zonzamas/2DAW/DPL/T1/laravel_app/vendor/laravel/framework/src/Illuminate/Foundation/Console/Kernel.php(447): Illuminate\\Foundation\\Application->bootstrapWith()
#24 /home/miguel/Repos/Zonzamas/2DAW/DPL/T1/laravel_app/vendor/laravel/framework/src/Illuminate/Foundation/Console/Kernel.php(199): Illuminate\\Foundation\\Console\\Kernel->bootstrap()
#25 Command line code(1): Illuminate\\Foundation\\Console\\Kernel->handle()
#26 {main}
"} 
[2023-11-21 19:01:05] local.ERROR: Unmatched ')' {"exception":"[object] (ParseError(code: 0): Unmatched ')' at /home/miguel/Repos/Zonzamas/2DAW/DPL/T1/laravel_app/routes/web.php:18)
[stacktrace]
#0 /home/miguel/Repos/Zonzamas/2DAW/DPL/T1/laravel_app/vendor/laravel/framework/src/Illuminate/Routing/Router.php(504): Illuminate\\Routing\\RouteFileRegistrar->register()
#1 /home/miguel/Repos/Zonzamas/2DAW/DPL/T1/laravel_app/vendor/laravel/framework/src/Illuminate/Routing/Router.php(458): Illuminate\\Routing\\Router->loadRoutes()
#2 /home/miguel/Repos/Zonzamas/2DAW/DPL/T1/laravel_app/vendor/laravel/framework/src/Illuminate/Routing/RouteRegistrar.php(192): Illuminate\\Routing\\Router->group()
#3 /home/miguel/Repos/Zonzamas/2DAW/DPL/T1/laravel_app/app/Providers/RouteServiceProvider.php(37): Illuminate\\Routing\\RouteRegistrar->group()
#4 /home/miguel/Repos/Zonzamas/2DAW/DPL/T1/laravel_app/vendor/laravel/framework/src/Illuminate/Container/BoundMethod.php(36): App\\Providers\\RouteServiceProvider->App\\Providers\\{closure}()
#5 /home/miguel/Repos/Zonzamas/2DAW/DPL/T1/laravel_app/vendor/laravel/framework/src/Illuminate/Container/Util.php(41): Illuminate\\Container\\BoundMethod::Illuminate\\Container\\{closure}()
#6 /home/miguel/Repos/Zonzamas/2DAW/DPL/T1/laravel_app/vendor/laravel/framework/src/Illuminate/Container/BoundMethod.php(81): Illuminate\\Container\\Util::unwrapIfClosure()
#7 /home/miguel/Repos/Zonzamas/2DAW/DPL/T1/laravel_app/vendor/laravel/framework/src/Illuminate/Container/BoundMethod.php(37): Illuminate\\Container\\BoundMethod::callBoundMethod()
#8 /home/miguel/Repos/Zonzamas/2DAW/DPL/T1/laravel_app/vendor/laravel/framework/src/Illuminate/Container/Container.php(662): Illuminate\\Container\\BoundMethod::call()
#9 /home/miguel/Repos/Zonzamas/2DAW/DPL/T1/laravel_app/vendor/laravel/framework/src/Illuminate/Foundation/Support/Providers/RouteServiceProvider.php(120): Illuminate\\Container\\Container->call()
#10 /home/miguel/Repos/Zonzamas/2DAW/DPL/T1/laravel_app/vendor/laravel/framework/src/Illuminate/Foundation/Support/Providers/RouteServiceProvider.php(45): Illuminate\\Foundation\\Support\\Providers\\RouteServiceProvider->loadRoutes()
#11 /home/miguel/Repos/Zonzamas/2DAW/DPL/T1/laravel_app/vendor/laravel/framework/src/Illuminate/Container/BoundMethod.php(36): Illuminate\\Foundation\\Support\\Providers\\RouteServiceProvider->Illuminate\\Foundation\\Support\\Providers\\{closure}()
#12 /home/miguel/Repos/Zonzamas/2DAW/DPL/T1/laravel_app/vendor/laravel/framework/src/Illuminate/Container/Util.php(41): Illuminate\\Container\\BoundMethod::Illuminate\\Container\\{closure}()
#13 /home/miguel/Repos/Zonzamas/2DAW/DPL/T1/laravel_app/vendor/laravel/framework/src/Illuminate/Container/BoundMethod.php(81): Illuminate\\Container\\Util::unwrapIfClosure()
#14 /home/miguel/Repos/Zonzamas/2DAW/DPL/T1/laravel_app/vendor/laravel/framework/src/Illuminate/Container/BoundMethod.php(37): Illuminate\\Container\\BoundMethod::callBoundMethod()
#15 /home/miguel/Repos/Zonzamas/2DAW/DPL/T1/laravel_app/vendor/laravel/framework/src/Illuminate/Container/Container.php(662): Illuminate\\Container\\BoundMethod::call()
#16 /home/miguel/Repos/Zonzamas/2DAW/DPL/T1/laravel_app/vendor/laravel/framework/src/Illuminate/Support/ServiceProvider.php(119): Illuminate\\Container\\Container->call()
#17 /home/miguel/Repos/Zonzamas/2DAW/DPL/T1/laravel_app/vendor/laravel/framework/src/Illuminate/Foundation/Application.php(1031): Illuminate\\Support\\ServiceProvider->callBootedCallbacks()
#18 /home/miguel/Repos/Zonzamas/2DAW/DPL/T1/laravel_app/vendor/laravel/framework/src/Illuminate/Foundation/Application.php(1009): Illuminate\\Foundation\\Application->bootProvider()
#19 [internal function]: Illuminate\\Foundation\\Application->Illuminate\\Foundation\\{closure}()
#20 /home/miguel/Repos/Zonzamas/2DAW/DPL/T1/laravel_app/vendor/laravel/framework/src/Illuminate/Foundation/Application.php(1010): array_walk()
#21 /home/miguel/Repos/Zonzamas/2DAW/DPL/T1/laravel_app/vendor/laravel/framework/src/Illuminate/Foundation/Bootstrap/BootProviders.php(17): Illuminate\\Foundation\\Application->boot()
#22 /home/miguel/Repos/Zonzamas/2DAW/DPL/T1/laravel_app/vendor/laravel/framework/src/Illuminate/Foundation/Application.php(261): Illuminate\\Foundation\\Bootstrap\\BootProviders->bootstrap()
#23 /home/miguel/Repos/Zonzamas/2DAW/DPL/T1/laravel_app/vendor/laravel/framework/src/Illuminate/Foundation/Console/Kernel.php(447): Illuminate\\Foundation\\Application->bootstrapWith()
#24 /home/miguel/Repos/Zonzamas/2DAW/DPL/T1/laravel_app/vendor/laravel/framework/src/Illuminate/Foundation/Console/Kernel.php(199): Illuminate\\Foundation\\Console\\Kernel->bootstrap()
#25 Command line code(1): Illuminate\\Foundation\\Console\\Kernel->handle()
#26 {main}
"} 
[2023-11-21 19:01:05] local.ERROR: Unmatched ')' {"exception":"[object] (ParseError(code: 0): Unmatched ')' at /home/miguel/Repos/Zonzamas/2DAW/DPL/T1/laravel_app/routes/web.php:18)
[stacktrace]
#0 /home/miguel/Repos/Zonzamas/2DAW/DPL/T1/laravel_app/vendor/laravel/framework/src/Illuminate/Routing/Router.php(504): Illuminate\\Routing\\RouteFileRegistrar->register()
#1 /home/miguel/Repos/Zonzamas/2DAW/DPL/T1/laravel_app/vendor/laravel/framework/src/Illuminate/Routing/Router.php(458): Illuminate\\Routing\\Router->loadRoutes()
#2 /home/miguel/Repos/Zonzamas/2DAW/DPL/T1/laravel_app/vendor/laravel/framework/src/Illuminate/Routing/RouteRegistrar.php(192): Illuminate\\Routing\\Router->group()
#3 /home/miguel/Repos/Zonzamas/2DAW/DPL/T1/laravel_app/app/Providers/RouteServiceProvider.php(37): Illuminate\\Routing\\RouteRegistrar->group()
#4 /home/miguel/Repos/Zonzamas/2DAW/DPL/T1/laravel_app/vendor/laravel/framework/src/Illuminate/Container/BoundMethod.php(36): App\\Providers\\RouteServiceProvider->App\\Providers\\{closure}()
#5 /home/miguel/Repos/Zonzamas/2DAW/DPL/T1/laravel_app/vendor/laravel/framework/src/Illuminate/Container/Util.php(41): Illuminate\\Container\\BoundMethod::Illuminate\\Container\\{closure}()
#6 /home/miguel/Repos/Zonzamas/2DAW/DPL/T1/laravel_app/vendor/laravel/framework/src/Illuminate/Container/BoundMethod.php(81): Illuminate\\Container\\Util::unwrapIfClosure()
#7 /home/miguel/Repos/Zonzamas/2DAW/DPL/T1/laravel_app/vendor/laravel/framework/src/Illuminate/Container/BoundMethod.php(37): Illuminate\\Container\\BoundMethod::callBoundMethod()
#8 /home/miguel/Repos/Zonzamas/2DAW/DPL/T1/laravel_app/vendor/laravel/framework/src/Illuminate/Container/Container.php(662): Illuminate\\Container\\BoundMethod::call()
#9 /home/miguel/Repos/Zonzamas/2DAW/DPL/T1/laravel_app/vendor/laravel/framework/src/Illuminate/Foundation/Support/Providers/RouteServiceProvider.php(120): Illuminate\\Container\\Container->call()
#10 /home/miguel/Repos/Zonzamas/2DAW/DPL/T1/laravel_app/vendor/laravel/framework/src/Illuminate/Foundation/Support/Providers/RouteServiceProvider.php(45): Illuminate\\Foundation\\Support\\Providers\\RouteServiceProvider->loadRoutes()
#11 /home/miguel/Repos/Zonzamas/2DAW/DPL/T1/laravel_app/vendor/laravel/framework/src/Illuminate/Container/BoundMethod.php(36): Illuminate\\Foundation\\Support\\Providers\\RouteServiceProvider->Illuminate\\Foundation\\Support\\Providers\\{closure}()
#12 /home/miguel/Repos/Zonzamas/2DAW/DPL/T1/laravel_app/vendor/laravel/framework/src/Illuminate/Container/Util.php(41): Illuminate\\Container\\BoundMethod::Illuminate\\Container\\{closure}()
#13 /home/miguel/Repos/Zonzamas/2DAW/DPL/T1/laravel_app/vendor/laravel/framework/src/Illuminate/Container/BoundMethod.php(81): Illuminate\\Container\\Util::unwrapIfClosure()
#14 /home/miguel/Repos/Zonzamas/2DAW/DPL/T1/laravel_app/vendor/laravel/framework/src/Illuminate/Container/BoundMethod.php(37): Illuminate\\Container\\BoundMethod::callBoundMethod()
#15 /home/miguel/Repos/Zonzamas/2DAW/DPL/T1/laravel_app/vendor/laravel/framework/src/Illuminate/Container/Container.php(662): Illuminate\\Container\\BoundMethod::call()
#16 /home/miguel/Repos/Zonzamas/2DAW/DPL/T1/laravel_app/vendor/laravel/framework/src/Illuminate/Support/ServiceProvider.php(119): Illuminate\\Container\\Container->call()
#17 /home/miguel/Repos/Zonzamas/2DAW/DPL/T1/laravel_app/vendor/laravel/framework/src/Illuminate/Foundation/Application.php(1031): Illuminate\\Support\\ServiceProvider->callBootedCallbacks()
#18 /home/miguel/Repos/Zonzamas/2DAW/DPL/T1/laravel_app/vendor/laravel/framework/src/Illuminate/Foundation/Application.php(1009): Illuminate\\Foundation\\Application->bootProvider()
#19 [internal function]: Illuminate\\Foundation\\Application->Illuminate\\Foundation\\{closure}()
#20 /home/miguel/Repos/Zonzamas/2DAW/DPL/T1/laravel_app/vendor/laravel/framework/src/Illuminate/Foundation/Application.php(1010): array_walk()
#21 /home/miguel/Repos/Zonzamas/2DAW/DPL/T1/laravel_app/vendor/laravel/framework/src/Illuminate/Foundation/Bootstrap/BootProviders.php(17): Illuminate\\Foundation\\Application->boot()
#22 /home/miguel/Repos/Zonzamas/2DAW/DPL/T1/laravel_app/vendor/laravel/framework/src/Illuminate/Foundation/Application.php(261): Illuminate\\Foundation\\Bootstrap\\BootProviders->bootstrap()
#23 /home/miguel/Repos/Zonzamas/2DAW/DPL/T1/laravel_app/vendor/laravel/framework/src/Illuminate/Foundation/Console/Kernel.php(447): Illuminate\\Foundation\\Application->bootstrapWith()
#24 /home/miguel/Repos/Zonzamas/2DAW/DPL/T1/laravel_app/vendor/laravel/framework/src/Illuminate/Foundation/Console/Kernel.php(199): Illuminate\\Foundation\\Console\\Kernel->bootstrap()
#25 Command line code(1): Illuminate\\Foundation\\Console\\Kernel->handle()
#26 {main}
"} 
[2023-11-21 19:01:05] local.ERROR: Unmatched ')' {"exception":"[object] (ParseError(code: 0): Unmatched ')' at /home/miguel/Repos/Zonzamas/2DAW/DPL/T1/laravel_app/routes/web.php:18)
[stacktrace]
#0 /home/miguel/Repos/Zonzamas/2DAW/DPL/T1/laravel_app/vendor/laravel/framework/src/Illuminate/Routing/Router.php(504): Illuminate\\Routing\\RouteFileRegistrar->register()
#1 /home/miguel/Repos/Zonzamas/2DAW/DPL/T1/laravel_app/vendor/laravel/framework/src/Illuminate/Routing/Router.php(458): Illuminate\\Routing\\Router->loadRoutes()
#2 /home/miguel/Repos/Zonzamas/2DAW/DPL/T1/laravel_app/vendor/laravel/framework/src/Illuminate/Routing/RouteRegistrar.php(192): Illuminate\\Routing\\Router->group()
#3 /home/miguel/Repos/Zonzamas/2DAW/DPL/T1/laravel_app/app/Providers/RouteServiceProvider.php(37): Illuminate\\Routing\\RouteRegistrar->group()
#4 /home/miguel/Repos/Zonzamas/2DAW/DPL/T1/laravel_app/vendor/laravel/framework/src/Illuminate/Container/BoundMethod.php(36): App\\Providers\\RouteServiceProvider->App\\Providers\\{closure}()
#5 /home/miguel/Repos/Zonzamas/2DAW/DPL/T1/laravel_app/vendor/laravel/framework/src/Illuminate/Container/Util.php(41): Illuminate\\Container\\BoundMethod::Illuminate\\Container\\{closure}()
#6 /home/miguel/Repos/Zonzamas/2DAW/DPL/T1/laravel_app/vendor/laravel/framework/src/Illuminate/Container/BoundMethod.php(81): Illuminate\\Container\\Util::unwrapIfClosure()
#7 /home/miguel/Repos/Zonzamas/2DAW/DPL/T1/laravel_app/vendor/laravel/framework/src/Illuminate/Container/BoundMethod.php(37): Illuminate\\Container\\BoundMethod::callBoundMethod()
#8 /home/miguel/Repos/Zonzamas/2DAW/DPL/T1/laravel_app/vendor/laravel/framework/src/Illuminate/Container/Container.php(662): Illuminate\\Container\\BoundMethod::call()
#9 /home/miguel/Repos/Zonzamas/2DAW/DPL/T1/laravel_app/vendor/laravel/framework/src/Illuminate/Foundation/Support/Providers/RouteServiceProvider.php(120): Illuminate\\Container\\Container->call()
#10 /home/miguel/Repos/Zonzamas/2DAW/DPL/T1/laravel_app/vendor/laravel/framework/src/Illuminate/Foundation/Support/Providers/RouteServiceProvider.php(45): Illuminate\\Foundation\\Support\\Providers\\RouteServiceProvider->loadRoutes()
#11 /home/miguel/Repos/Zonzamas/2DAW/DPL/T1/laravel_app/vendor/laravel/framework/src/Illuminate/Container/BoundMethod.php(36): Illuminate\\Foundation\\Support\\Providers\\RouteServiceProvider->Illuminate\\Foundation\\Support\\Providers\\{closure}()
#12 /home/miguel/Repos/Zonzamas/2DAW/DPL/T1/laravel_app/vendor/laravel/framework/src/Illuminate/Container/Util.php(41): Illuminate\\Container\\BoundMethod::Illuminate\\Container\\{closure}()
#13 /home/miguel/Repos/Zonzamas/2DAW/DPL/T1/laravel_app/vendor/laravel/framework/src/Illuminate/Container/BoundMethod.php(81): Illuminate\\Container\\Util::unwrapIfClosure()
#14 /home/miguel/Repos/Zonzamas/2DAW/DPL/T1/laravel_app/vendor/laravel/framework/src/Illuminate/Container/BoundMethod.php(37): Illuminate\\Container\\BoundMethod::callBoundMethod()
#15 /home/miguel/Repos/Zonzamas/2DAW/DPL/T1/laravel_app/vendor/laravel/framework/src/Illuminate/Container/Container.php(662): Illuminate\\Container\\BoundMethod::call()
#16 /home/miguel/Repos/Zonzamas/2DAW/DPL/T1/laravel_app/vendor/laravel/framework/src/Illuminate/Support/ServiceProvider.php(119): Illuminate\\Container\\Container->call()
#17 /home/miguel/Repos/Zonzamas/2DAW/DPL/T1/laravel_app/vendor/laravel/framework/src/Illuminate/Foundation/Application.php(1031): Illuminate\\Support\\ServiceProvider->callBootedCallbacks()
#18 /home/miguel/Repos/Zonzamas/2DAW/DPL/T1/laravel_app/vendor/laravel/framework/src/Illuminate/Foundation/Application.php(1009): Illuminate\\Foundation\\Application->bootProvider()
#19 [internal function]: Illuminate\\Foundation\\Application->Illuminate\\Foundation\\{closure}()
#20 /home/miguel/Repos/Zonzamas/2DAW/DPL/T1/laravel_app/vendor/laravel/framework/src/Illuminate/Foundation/Application.php(1010): array_walk()
#21 /home/miguel/Repos/Zonzamas/2DAW/DPL/T1/laravel_app/vendor/laravel/framework/src/Illuminate/Foundation/Bootstrap/BootProviders.php(17): Illuminate\\Foundation\\Application->boot()
#22 /home/miguel/Repos/Zonzamas/2DAW/DPL/T1/laravel_app/vendor/laravel/framework/src/Illuminate/Foundation/Application.php(261): Illuminate\\Foundation\\Bootstrap\\BootProviders->bootstrap()
#23 /home/miguel/Repos/Zonzamas/2DAW/DPL/T1/laravel_app/vendor/laravel/framework/src/Illuminate/Foundation/Console/Kernel.php(447): Illuminate\\Foundation\\Application->bootstrapWith()
#24 /home/miguel/Repos/Zonzamas/2DAW/DPL/T1/laravel_app/vendor/laravel/framework/src/Illuminate/Foundation/Console/Kernel.php(199): Illuminate\\Foundation\\Console\\Kernel->bootstrap()
#25 Command line code(1): Illuminate\\Foundation\\Console\\Kernel->handle()
#26 {main}
"} 
[2023-11-22 09:03:49] local.ERROR: Command "make:auth" is not defined.

Did you mean one of these?
    make:cast
    make:channel
    make:command
    make:component
    make:controller
    make:event
    make:exception
    make:factory
    make:job
    make:listener
    make:mail
    make:middleware
    make:migration
    make:model
    make:notification
    make:observer
    make:policy
    make:provider
    make:request
    make:resource
    make:rule
    make:scope
    make:seeder
    make:test
    make:view {"exception":"[object] (Symfony\\Component\\Console\\Exception\\CommandNotFoundException(code: 0): Command \"make:auth\" is not defined.

Did you mean one of these?
    make:cast
    make:channel
    make:command
    make:component
    make:controller
    make:event
    make:exception
    make:factory
    make:job
    make:listener
    make:mail
    make:middleware
    make:migration
    make:model
    make:notification
    make:observer
    make:policy
    make:provider
    make:request
    make:resource
    make:rule
    make:scope
    make:seeder
    make:test
    make:view at /home/miguel/Repos/Zonzamas/2DAW/DPL/T1/laravel_app/vendor/symfony/console/Application.php:725)
[stacktrace]
#0 /home/miguel/Repos/Zonzamas/2DAW/DPL/T1/laravel_app/vendor/symfony/console/Application.php(262): Symfony\\Component\\Console\\Application->find()
#1 /home/miguel/Repos/Zonzamas/2DAW/DPL/T1/laravel_app/vendor/symfony/console/Application.php(174): Symfony\\Component\\Console\\Application->doRun()
#2 /home/miguel/Repos/Zonzamas/2DAW/DPL/T1/laravel_app/vendor/laravel/framework/src/Illuminate/Foundation/Console/Kernel.php(201): Symfony\\Component\\Console\\Application->run()
#3 /home/miguel/Repos/Zonzamas/2DAW/DPL/T1/laravel_app/artisan(37): Illuminate\\Foundation\\Console\\Kernel->handle()
#4 {main}
"} 
